#
# A fatal error has been detected by the Java Runtime Environment:
#
#  EXCEPTION_ACCESS_VIOLATION (0xc0000005) at pc=0x00007fffc3a5f023, pid=3456, tid=6248
#
# JRE version: OpenJDK Runtime Environment (14.0.2+12) (build 14.0.2+12-46)
# Java VM: OpenJDK 64-Bit Server VM (14.0.2+12-46, mixed mode, tiered, compressed oops, g1 gc, windows-amd64)
# Problematic frame:
# V  [jvm.dll+0x4bf023]
#
# No core dump will be written. Minidumps are not enabled by default on client versions of Windows
#
# If you would like to submit a bug report, please visit:
#   https://bugreport.java.com/bugreport/crash.jsp
#

---------------  S U M M A R Y ------------

Command Line: -XX:+ShowCodeDetailsInExceptionMessages -agentlib:jdwp=transport=dt_socket,suspend=y,address=localhost:59257 -javaagent:C:\Users\Crowley\eclipse\java-2020-09\eclipse\configuration\org.eclipse.osgi\215\0\.cp\lib\javaagent-shaded.jar -Dfile.encoding=Cp1252 codigo.Principal

Host: Intel(R) Core(TM) i5-2500K CPU @ 3.30GHz, 4 cores, 7G,  Windows 10 , 64 bit Build 19041 (10.0.19041.546)
Time: Sat Oct 17 19:03:15 2020 Hora de verano romance elapsed time: 6204 seconds (0d 1h 43m 24s)

---------------  T H R E A D  ---------------

Current thread (0x000001bffeea9000):  VMThread "VM Thread" [stack: 0x0000006ca5b00000,0x0000006ca5c00000] [id=6248]

Stack: [0x0000006ca5b00000,0x0000006ca5c00000],  sp=0x0000006ca5bff420,  free space=1021k
Native frames: (J=compiled Java code, j=interpreted, Vv=VM code, C=native code)
V  [jvm.dll+0x4bf023]
V  [jvm.dll+0x4be9dd]
V  [jvm.dll+0x744f4b]
V  [jvm.dll+0x748f77]
V  [jvm.dll+0x749748]
V  [jvm.dll+0x749a3c]
V  [jvm.dll+0x6ffeda]
V  [jvm.dll+0x5f78f6]
C  [ucrtbase.dll+0x214c2]
C  [KERNEL32.DLL+0x17034]
C  [ntdll.dll+0x4cec1]


siginfo: EXCEPTION_ACCESS_VIOLATION (0xc0000005), reading address 0x000001bf99ca8800


Register to memory mapping:

RIP=0x00007fffc3a5f023 jvm.dll
RAX=0x0000000000000001 is an unknown value
RBX=0x000001bffddf1650 points into unknown readable memory: a0 19 df fd bf 01 00 00
RCX=0x0000000000000001 is an unknown value
RDX=0x000001bf99ca87f8 is an unknown value
RSP=0x0000006ca5bff420 points into unknown readable memory: 40 f5 5f a6 6c 00 00 00
RBP=0x0000000000000008 is an unknown value
RSI=0x0000006ca65ff540 is pointing into the stack for thread: 0x000001bfffa07800
RDI={method} {0x000001bf991d89d8} 
[error occurred during error reporting (printing register info), id 0xc0000005, EXCEPTION_ACCESS_VIOLATION (0xc0000005) at pc=0x00007fffc3b50afa]

Registers:
RAX=0x0000000000000001, RBX=0x000001bffddf1650, RCX=0x0000000000000001, RDX=0x000001bf99ca87f8
RSP=0x0000006ca5bff420, RBP=0x0000000000000008, RSI=0x0000006ca65ff540, RDI=0x000001bf991d89d0
R8 =0x000001bf991d8748, R9 =0x000001bf9960ed88, R10=0x000001bffed6f680, R11=0x000001bffed71d08
R12=0x00007fffc3dac720, R13=0x0000000100175688, R14=0x000001bffee48168, R15=0x00000000000003d8
RIP=0x00007fffc3a5f023, EFLAGS=0x0000000000010202

Top of Stack: (sp=0x0000006ca5bff420)
0x0000006ca5bff420:   0000006ca65ff540 000001bfffa0f320
0x0000006ca5bff430:   00007fffc3dac720 0000000000000000
0x0000006ca5bff440:   000001bffed6f680 000001bffed71d08
0x0000006ca5bff450:   000001bffddf1650 000001bfffa0f320
0x0000006ca5bff460:   00000000ffffffff 00000000000003d8
0x0000006ca5bff470:   000001bffee48168 00007fffc3dac720
0x0000006ca5bff480:   000001bfffa0f320 0000006ca65ff540
0x0000006ca5bff490:   000001bffee47d90 00007fffc40261d0
0x0000006ca5bff4a0:   0000006ca65ff5b0 00007fffc3a5e9dd
0x0000006ca5bff4b0:   0000006ca65ff5b0 0000006ca5bff4d0
0x0000006ca5bff4c0:   000001bfffa0f320 00007fffc3e428f8
0x0000006ca5bff4d0:   00007fffc3b4c770 00007fff00000000
0x0000006ca5bff4e0:   000001bffee47d80 00007fffc3ce4f4b
0x0000006ca5bff4f0:   0000d154266d91f7 000001bffddfe760
0x0000006ca5bff500:   0000006ca5bff610 00007fffc3bf86e8
0x0000006ca5bff510:   0000001ebb9d0eb4 0000000000000000 

Instructions: (pc=0x00007fffc3a5f023)
0x00007fffc3a5ef23:   49 8b f1 49 8b d8 e8 32 b8 12 00 48 89 47 08 48
0x00007fffc3a5ef33:   8b c7 48 89 5f 10 48 8b 5c 24 30 48 89 77 18 48
0x00007fffc3a5ef43:   8b 74 24 38 48 83 c4 20 5f c3 cc cc cc 48 89 54
0x00007fffc3a5ef53:   24 10 48 89 4c 24 08 53 41 55 48 83 ec 78 48 8b
0x00007fffc3a5ef63:   d9 48 8b c2 48 63 4a 08 48 03 4b 08 8b 53 10 ff
0x00007fffc3a5ef73:   10 48 8b 43 08 4c 8b 40 08 4d 8b 48 08 41 0f b7
0x00007fffc3a5ef83:   40 2a 4d 8b 54 c1 40 41 0f b7 40 2c 4c 89 54 24
0x00007fffc3a5ef93:   20 4d 8b 5c c1 40 49 8b 41 18 4c 89 5c 24 28 4c
0x00007fffc3a5efa3:   8b a8 88 01 00 00 4d 85 ed 0f 84 c7 01 00 00 8b
0x00007fffc3a5efb3:   0d f4 ee 5c 00 65 48 8b 04 25 58 00 00 00 48 89
0x00007fffc3a5efc3:   6c 24 70 48 89 74 24 68 48 89 7c 24 60 4c 89 64
0x00007fffc3a5efd3:   24 58 48 8d 1c c8 4c 89 74 24 50 48 89 5c 24 30
0x00007fffc3a5efe3:   bd 08 00 00 00 4c 89 7c 24 48 0f 1f 00 49 8b 8d
0x00007fffc3a5eff3:   a8 01 00 00 8b 01 83 e8 01 48 98 0f 88 47 01 00
0x00007fffc3a5f003:   00 4c 8d 40 01 4e 8d 04 c1 0f 1f 40 00 49 8b 38
0x00007fffc3a5f013:   0f b6 4f 2a c0 e9 05 f6 c1 01 74 24 48 8b 57 08
0x00007fffc3a5f023:   4c 8b 4a 08 0f b7 4a 2a 49 8b 74 c9 40 49 3b f2
0x00007fffc3a5f033:   75 0e 0f b7 4a 2c 49 8b 54 c9 40 49 3b d3 74 0f
0x00007fffc3a5f043:   49 83 e8 08 48 83 e8 01 79 c3 e9 f9 00 00 00 48
0x00007fffc3a5f053:   83 3d fe 68 58 00 00 48 8b 03 8b cd 48 8b 0c 01
0x00007fffc3a5f063:   48 8b a9 78 02 00 00 48 8b 5d 20 4c 8b 7d 28 4c
0x00007fffc3a5f073:   8b 75 10 4c 8b 65 18 48 89 9c 24 a0 00 00 00 4c
0x00007fffc3a5f083:   89 bc 24 a8 00 00 00 74 6a 48 8b 8c 24 98 00 00
0x00007fffc3a5f093:   00 4c 8d 05 75 24 0f 00 48 8b 01 49 3b c0 75 14
0x00007fffc3a5f0a3:   48 85 c0 74 06 83 79 08 00 75 09 4c 8d 3d 5b d6
0x00007fffc3a5f0b3:   3b 00 eb 07 4c 8d 3d 5a d6 3b 00 48 8b ca e8 2a
0x00007fffc3a5f0c3:   03 20 00 48 8b ce 48 8b d8 e8 1f 03 20 00 4c 8b
0x00007fffc3a5f0d3:   c0 48 8d 0d 45 d6 3b 00 4c 8b cb 49 8b d7 e8 0a
0x00007fffc3a5f0e3:   ef ff ff 48 8b 9c 24 a0 00 00 00 4c 8b bc 24 a8
0x00007fffc3a5f0f3:   00 00 00 48 8b b4 24 98 00 00 00 48 8b 84 24 90
0x00007fffc3a5f103:   00 00 00 48 63 4e 08 8b 50 10 48 03 cf ff 16 49
0x00007fffc3a5f113:   83 3e 00 74 13 49 8b d7 48 8b cd e8 6d d3 be ff 


Stack slot to memory mapping:
stack at sp + 0 slots: 0x0000006ca65ff540 is pointing into the stack for thread: 0x000001bfffa07800
stack at sp + 1 slots: 0x000001bfffa0f320 points into unknown readable memory: 20 f3 a0 ff bf 01 00 00
stack at sp + 2 slots: 0x00007fffc3dac720 jvm.dll
stack at sp + 3 slots: 0x0 is NULL
stack at sp + 4 slots: 0x000001bffed6f680 points into unknown readable memory: ff ff 04 00 01 fe 6d 61
stack at sp + 5 slots: 0x000001bffed71d08 points into unknown readable memory: ff ff 16 00 04 14 28 5b
stack at sp + 6 slots: 0x000001bffddf1650 points into unknown readable memory: a0 19 df fd bf 01 00 00
stack at sp + 7 slots: 0x000001bfffa0f320 points into unknown readable memory: 20 f3 a0 ff bf 01 00 00

VM_Operation (0x0000006ca65ff540): ChangeBreakpoints, mode: safepoint, requested by thread 0x000001bfffa07800


---------------  P R O C E S S  ---------------

Threads class SMR info:
_java_thread_list=0x000001bf98bbad70, length=16, elements={
0x000001bffdd1d000, 0x000001bffeebd800, 0x000001bffeebe800, 0x000001bfff70a800,
0x000001bfff70d800, 0x000001bfff6f2000, 0x000001bffeece000, 0x000001bfff6f4800,
0x000001bfff6f7800, 0x000001bffddfa800, 0x000001bfffa07800, 0x000001bfffa09000,
0x000001bfff995000, 0x000001bf98a14000, 0x000001bfff9a3800, 0x000001bf98c4d800
}

Java Threads: ( => current thread )
  0x000001bffdd1d000 JavaThread "main" [_thread_blocked, id=5260, stack(0x0000006ca5500000,0x0000006ca5600000)]
  0x000001bffeebd800 JavaThread "Reference Handler" daemon [_thread_blocked, id=10328, stack(0x0000006ca5c00000,0x0000006ca5d00000)]
  0x000001bffeebe800 JavaThread "Finalizer" daemon [_thread_blocked, id=3832, stack(0x0000006ca5d00000,0x0000006ca5e00000)]
  0x000001bfff70a800 JavaThread "Signal Dispatcher" daemon [_thread_blocked, id=244, stack(0x0000006ca5e00000,0x0000006ca5f00000)]
  0x000001bfff70d800 JavaThread "Attach Listener" daemon [_thread_blocked, id=10900, stack(0x0000006ca5f00000,0x0000006ca6000000)]
  0x000001bfff6f2000 JavaThread "Service Thread" daemon [_thread_blocked, id=128, stack(0x0000006ca6000000,0x0000006ca6100000)]
  0x000001bffeece000 JavaThread "C2 CompilerThread0" daemon [_thread_blocked, id=5460, stack(0x0000006ca6100000,0x0000006ca6200000)]
  0x000001bfff6f4800 JavaThread "C1 CompilerThread0" daemon [_thread_blocked, id=8172, stack(0x0000006ca6200000,0x0000006ca6300000)]
  0x000001bfff6f7800 JavaThread "Sweeper thread" daemon [_thread_blocked, id=8648, stack(0x0000006ca6300000,0x0000006ca6400000)]
  0x000001bffddfa800 JavaThread "Common-Cleaner" daemon [_thread_blocked, id=248, stack(0x0000006ca6400000,0x0000006ca6500000)]
  0x000001bfffa07800 JavaThread "JDWP Transport Listener: dt_socket" daemon [_thread_blocked, id=8588, stack(0x0000006ca6500000,0x0000006ca6600000)]
  0x000001bfffa09000 JavaThread "JDWP Event Helper Thread" daemon [_thread_blocked, id=9812, stack(0x0000006ca6600000,0x0000006ca6700000)]
  0x000001bfff995000 JavaThread "JDWP Command Reader" daemon [_thread_in_native, id=9224, stack(0x0000006ca6700000,0x0000006ca6800000)]
  0x000001bf98a14000 JavaThread "Notification Thread" daemon [_thread_blocked, id=5072, stack(0x0000006ca6800000,0x0000006ca6900000)]
  0x000001bfff9a3800 JavaThread "mysql-cj-abandoned-connection-cleanup" daemon [_thread_blocked, id=7840, stack(0x0000006ca6a00000,0x0000006ca6b00000)]
  0x000001bf98c4d800 JavaThread "MySQL Statement Cancellation Timer" daemon [_thread_blocked, id=11188, stack(0x0000006ca6c00000,0x0000006ca6d00000)]

Other Threads:
=>0x000001bffeea9000 VMThread "VM Thread" [stack: 0x0000006ca5b00000,0x0000006ca5c00000] [id=6248]
  0x000001bf98a14800 WatcherThread [stack: 0x0000006ca6900000,0x0000006ca6a00000] [id=7520]
  0x000001bffdd5f000 GCTaskThread "GC Thread#0" [stack: 0x0000006ca5600000,0x0000006ca5700000] [id=8416]
  0x000001bf989d0800 GCTaskThread "GC Thread#1" [stack: 0x0000006ca6b00000,0x0000006ca6c00000] [id=2264]
  0x000001bffdd71800 ConcurrentGCThread "G1 Main Marker" [stack: 0x0000006ca5700000,0x0000006ca5800000] [id=9892]
  0x000001bffdd72800 ConcurrentGCThread "G1 Conc#0" [stack: 0x0000006ca5800000,0x0000006ca5900000] [id=6572]
  0x000001bffddee000 ConcurrentGCThread "G1 Refine#0" [stack: 0x0000006ca5900000,0x0000006ca5a00000] [id=8936]
  0x000001bffddef000 ConcurrentGCThread "G1 Young RemSet Sampling" [stack: 0x0000006ca5a00000,0x0000006ca5b00000] [id=2324]

Threads with active compile tasks:

VM state:at safepoint (normal execution)

VM Mutex/Monitor currently owned by a thread:  ([mutex/lock_event])
[0x000001bffdd17f30] Threads_lock - owner thread: 0x000001bffeea9000

Heap address: 0x0000000084a00000, size: 1974 MB, Compressed Oops mode: 32-bit
Narrow klass base: 0x0000000000000000, Narrow klass shift: 3
Compressed class space size: 1073741824 Address: 0x0000000100000000

Heap:
 garbage-first heap   total 126976K, used 7163K [0x0000000084a00000, 0x0000000100000000)
  region size 1024K, 7 young (7168K), 3 survivors (3072K)
 Metaspace       used 15445K, capacity 15664K, committed 15872K, reserved 1062912K
  class space    used 1441K, capacity 1496K, committed 1536K, reserved 1048576K
Heap Regions: E=young(eden), S=young(survivor), O=old, HS=humongous(starts), HC=humongous(continues), CS=collection set, F=free, OA=open archive, CA=closed archive, TAMS=top-at-mark-start (previous, next)
|   0|0x0000000084a00000, 0x0000000084b00000, 0x0000000084b00000|100%| O|  |TAMS 0x0000000084a00000, 0x0000000084a00000| Untracked 
|   1|0x0000000084b00000, 0x0000000084b00000, 0x0000000084c00000|  0%| F|  |TAMS 0x0000000084b00000, 0x0000000084b00000| Untracked 
|   2|0x0000000084c00000, 0x0000000084cd7600, 0x0000000084d00000| 84%| O|  |TAMS 0x0000000084c00000, 0x0000000084c00000| Untracked 
|   3|0x0000000084d00000, 0x0000000084d00000, 0x0000000084e00000|  0%| F|  |TAMS 0x0000000084d00000, 0x0000000084d00000| Untracked 
|   4|0x0000000084e00000, 0x0000000084e00000, 0x0000000084f00000|  0%| F|  |TAMS 0x0000000084e00000, 0x0000000084e00000| Untracked 
|   5|0x0000000084f00000, 0x0000000084f00000, 0x0000000085000000|  0%| F|  |TAMS 0x0000000084f00000, 0x0000000084f00000| Untracked 
|   6|0x0000000085000000, 0x0000000085000000, 0x0000000085100000|  0%| F|  |TAMS 0x0000000085000000, 0x0000000085000000| Untracked 
|   7|0x0000000085100000, 0x0000000085100000, 0x0000000085200000|  0%| F|  |TAMS 0x0000000085100000, 0x0000000085100000| Untracked 
|   8|0x0000000085200000, 0x0000000085200000, 0x0000000085300000|  0%| F|  |TAMS 0x0000000085200000, 0x0000000085200000| Untracked 
|   9|0x0000000085300000, 0x0000000085300000, 0x0000000085400000|  0%| F|  |TAMS 0x0000000085300000, 0x0000000085300000| Untracked 
|  10|0x0000000085400000, 0x0000000085400000, 0x0000000085500000|  0%| F|  |TAMS 0x0000000085400000, 0x0000000085400000| Untracked 
|  11|0x0000000085500000, 0x0000000085500000, 0x0000000085600000|  0%| F|  |TAMS 0x0000000085500000, 0x0000000085500000| Untracked 
|  12|0x0000000085600000, 0x0000000085600000, 0x0000000085700000|  0%| F|  |TAMS 0x0000000085600000, 0x0000000085600000| Untracked 
|  13|0x0000000085700000, 0x0000000085700000, 0x0000000085800000|  0%| F|  |TAMS 0x0000000085700000, 0x0000000085700000| Untracked 
|  14|0x0000000085800000, 0x0000000085800000, 0x0000000085900000|  0%| F|  |TAMS 0x0000000085800000, 0x0000000085800000| Untracked 
|  15|0x0000000085900000, 0x0000000085900000, 0x0000000085a00000|  0%| F|  |TAMS 0x0000000085900000, 0x0000000085900000| Untracked 
|  16|0x0000000085a00000, 0x0000000085a00000, 0x0000000085b00000|  0%| F|  |TAMS 0x0000000085a00000, 0x0000000085a00000| Untracked 
|  17|0x0000000085b00000, 0x0000000085b00000, 0x0000000085c00000|  0%| F|  |TAMS 0x0000000085b00000, 0x0000000085b00000| Untracked 
|  18|0x0000000085c00000, 0x0000000085c00000, 0x0000000085d00000|  0%| F|  |TAMS 0x0000000085c00000, 0x0000000085c00000| Untracked 
|  19|0x0000000085d00000, 0x0000000085d00000, 0x0000000085e00000|  0%| F|  |TAMS 0x0000000085d00000, 0x0000000085d00000| Untracked 
|  20|0x0000000085e00000, 0x0000000085e00000, 0x0000000085f00000|  0%| F|  |TAMS 0x0000000085e00000, 0x0000000085e00000| Untracked 
|  21|0x0000000085f00000, 0x0000000085f00000, 0x0000000086000000|  0%| F|  |TAMS 0x0000000085f00000, 0x0000000085f00000| Untracked 
|  22|0x0000000086000000, 0x0000000086000000, 0x0000000086100000|  0%| F|  |TAMS 0x0000000086000000, 0x0000000086000000| Untracked 
|  23|0x0000000086100000, 0x0000000086100000, 0x0000000086200000|  0%| F|  |TAMS 0x0000000086100000, 0x0000000086100000| Untracked 
|  24|0x0000000086200000, 0x0000000086200000, 0x0000000086300000|  0%| F|  |TAMS 0x0000000086200000, 0x0000000086200000| Untracked 
|  25|0x0000000086300000, 0x0000000086300000, 0x0000000086400000|  0%| F|  |TAMS 0x0000000086300000, 0x0000000086300000| Untracked 
|  26|0x0000000086400000, 0x0000000086400000, 0x0000000086500000|  0%| F|  |TAMS 0x0000000086400000, 0x0000000086400000| Untracked 
|  27|0x0000000086500000, 0x0000000086500000, 0x0000000086600000|  0%| F|  |TAMS 0x0000000086500000, 0x0000000086500000| Untracked 
|  28|0x0000000086600000, 0x0000000086600000, 0x0000000086700000|  0%| F|  |TAMS 0x0000000086600000, 0x0000000086600000| Untracked 
|  29|0x0000000086700000, 0x0000000086700000, 0x0000000086800000|  0%| F|  |TAMS 0x0000000086700000, 0x0000000086700000| Untracked 
|  30|0x0000000086800000, 0x0000000086800000, 0x0000000086900000|  0%| F|  |TAMS 0x0000000086800000, 0x0000000086800000| Untracked 
|  31|0x0000000086900000, 0x0000000086900000, 0x0000000086a00000|  0%| F|  |TAMS 0x0000000086900000, 0x0000000086900000| Untracked 
|  32|0x0000000086a00000, 0x0000000086a00000, 0x0000000086b00000|  0%| F|  |TAMS 0x0000000086a00000, 0x0000000086a00000| Untracked 
|  33|0x0000000086b00000, 0x0000000086b00000, 0x0000000086c00000|  0%| F|  |TAMS 0x0000000086b00000, 0x0000000086b00000| Untracked 
|  34|0x0000000086c00000, 0x0000000086c00000, 0x0000000086d00000|  0%| F|  |TAMS 0x0000000086c00000, 0x0000000086c00000| Untracked 
|  35|0x0000000086d00000, 0x0000000086d00000, 0x0000000086e00000|  0%| F|  |TAMS 0x0000000086d00000, 0x0000000086d00000| Untracked 
|  36|0x0000000086e00000, 0x0000000086e00000, 0x0000000086f00000|  0%| F|  |TAMS 0x0000000086e00000, 0x0000000086e00000| Untracked 
|  37|0x0000000086f00000, 0x0000000086f00000, 0x0000000087000000|  0%| F|  |TAMS 0x0000000086f00000, 0x0000000086f00000| Untracked 
|  38|0x0000000087000000, 0x0000000087000000, 0x0000000087100000|  0%| F|  |TAMS 0x0000000087000000, 0x0000000087000000| Untracked 
|  39|0x0000000087100000, 0x0000000087100000, 0x0000000087200000|  0%| F|  |TAMS 0x0000000087100000, 0x0000000087100000| Untracked 
|  40|0x0000000087200000, 0x0000000087200000, 0x0000000087300000|  0%| F|  |TAMS 0x0000000087200000, 0x0000000087200000| Untracked 
|  41|0x0000000087300000, 0x0000000087300000, 0x0000000087400000|  0%| F|  |TAMS 0x0000000087300000, 0x0000000087300000| Untracked 
|  42|0x0000000087400000, 0x0000000087400000, 0x0000000087500000|  0%| F|  |TAMS 0x0000000087400000, 0x0000000087400000| Untracked 
|  43|0x0000000087500000, 0x0000000087500000, 0x0000000087600000|  0%| F|  |TAMS 0x0000000087500000, 0x0000000087500000| Untracked 
|  44|0x0000000087600000, 0x0000000087600000, 0x0000000087700000|  0%| F|  |TAMS 0x0000000087600000, 0x0000000087600000| Untracked 
|  45|0x0000000087700000, 0x0000000087700000, 0x0000000087800000|  0%| F|  |TAMS 0x0000000087700000, 0x0000000087700000| Untracked 
|  46|0x0000000087800000, 0x0000000087800000, 0x0000000087900000|  0%| F|  |TAMS 0x0000000087800000, 0x0000000087800000| Untracked 
|  47|0x0000000087900000, 0x0000000087900000, 0x0000000087a00000|  0%| F|  |TAMS 0x0000000087900000, 0x0000000087900000| Untracked 
|  48|0x0000000087a00000, 0x0000000087a00000, 0x0000000087b00000|  0%| F|  |TAMS 0x0000000087a00000, 0x0000000087a00000| Untracked 
|  49|0x0000000087b00000, 0x0000000087b00000, 0x0000000087c00000|  0%| F|  |TAMS 0x0000000087b00000, 0x0000000087b00000| Untracked 
|  50|0x0000000087c00000, 0x0000000087c00000, 0x0000000087d00000|  0%| F|  |TAMS 0x0000000087c00000, 0x0000000087c00000| Untracked 
|  51|0x0000000087d00000, 0x0000000087d00000, 0x0000000087e00000|  0%| F|  |TAMS 0x0000000087d00000, 0x0000000087d00000| Untracked 
|  52|0x0000000087e00000, 0x0000000087e00000, 0x0000000087f00000|  0%| F|  |TAMS 0x0000000087e00000, 0x0000000087e00000| Untracked 
|  53|0x0000000087f00000, 0x0000000087f00000, 0x0000000088000000|  0%| F|  |TAMS 0x0000000087f00000, 0x0000000087f00000| Untracked 
|  54|0x0000000088000000, 0x0000000088000000, 0x0000000088100000|  0%| F|  |TAMS 0x0000000088000000, 0x0000000088000000| Untracked 
|  55|0x0000000088100000, 0x0000000088100000, 0x0000000088200000|  0%| F|  |TAMS 0x0000000088100000, 0x0000000088100000| Untracked 
|  56|0x0000000088200000, 0x0000000088200000, 0x0000000088300000|  0%| F|  |TAMS 0x0000000088200000, 0x0000000088200000| Untracked 
|  57|0x0000000088300000, 0x0000000088300000, 0x0000000088400000|  0%| F|  |TAMS 0x0000000088300000, 0x0000000088300000| Untracked 
|  58|0x0000000088400000, 0x0000000088400000, 0x0000000088500000|  0%| F|  |TAMS 0x0000000088400000, 0x0000000088400000| Untracked 
|  59|0x0000000088500000, 0x0000000088500000, 0x0000000088600000|  0%| F|  |TAMS 0x0000000088500000, 0x0000000088500000| Untracked 
|  60|0x0000000088600000, 0x0000000088600000, 0x0000000088700000|  0%| F|  |TAMS 0x0000000088600000, 0x0000000088600000| Untracked 
|  61|0x0000000088700000, 0x0000000088700000, 0x0000000088800000|  0%| F|  |TAMS 0x0000000088700000, 0x0000000088700000| Untracked 
|  62|0x0000000088800000, 0x0000000088800000, 0x0000000088900000|  0%| F|  |TAMS 0x0000000088800000, 0x0000000088800000| Untracked 
|  63|0x0000000088900000, 0x0000000088900000, 0x0000000088a00000|  0%| F|  |TAMS 0x0000000088900000, 0x0000000088900000| Untracked 
|  64|0x0000000088a00000, 0x0000000088a00000, 0x0000000088b00000|  0%| F|  |TAMS 0x0000000088a00000, 0x0000000088a00000| Untracked 
|  65|0x0000000088b00000, 0x0000000088b00000, 0x0000000088c00000|  0%| F|  |TAMS 0x0000000088b00000, 0x0000000088b00000| Untracked 
|  66|0x0000000088c00000, 0x0000000088c00000, 0x0000000088d00000|  0%| F|  |TAMS 0x0000000088c00000, 0x0000000088c00000| Untracked 
|  67|0x0000000088d00000, 0x0000000088d00000, 0x0000000088e00000|  0%| F|  |TAMS 0x0000000088d00000, 0x0000000088d00000| Untracked 
|  68|0x0000000088e00000, 0x0000000088e00000, 0x0000000088f00000|  0%| F|  |TAMS 0x0000000088e00000, 0x0000000088e00000| Untracked 
|  69|0x0000000088f00000, 0x0000000088f00000, 0x0000000089000000|  0%| F|  |TAMS 0x0000000088f00000, 0x0000000088f00000| Untracked 
|  70|0x0000000089000000, 0x0000000089000000, 0x0000000089100000|  0%| F|  |TAMS 0x0000000089000000, 0x0000000089000000| Untracked 
|  71|0x0000000089100000, 0x0000000089100000, 0x0000000089200000|  0%| F|  |TAMS 0x0000000089100000, 0x0000000089100000| Untracked 
|  72|0x0000000089200000, 0x0000000089200000, 0x0000000089300000|  0%| F|  |TAMS 0x0000000089200000, 0x0000000089200000| Untracked 
|  73|0x0000000089300000, 0x0000000089300000, 0x0000000089400000|  0%| F|  |TAMS 0x0000000089300000, 0x0000000089300000| Untracked 
|  74|0x0000000089400000, 0x0000000089400000, 0x0000000089500000|  0%| F|  |TAMS 0x0000000089400000, 0x0000000089400000| Untracked 
|  75|0x0000000089500000, 0x0000000089500000, 0x0000000089600000|  0%| F|  |TAMS 0x0000000089500000, 0x0000000089500000| Untracked 
|  76|0x0000000089600000, 0x0000000089600000, 0x0000000089700000|  0%| F|  |TAMS 0x0000000089600000, 0x0000000089600000| Untracked 
|  77|0x0000000089700000, 0x0000000089700000, 0x0000000089800000|  0%| F|  |TAMS 0x0000000089700000, 0x0000000089700000| Untracked 
|  78|0x0000000089800000, 0x0000000089800000, 0x0000000089900000|  0%| F|  |TAMS 0x0000000089800000, 0x0000000089800000| Untracked 
|  79|0x0000000089900000, 0x0000000089900000, 0x0000000089a00000|  0%| F|  |TAMS 0x0000000089900000, 0x0000000089900000| Untracked 
|  80|0x0000000089a00000, 0x0000000089a00000, 0x0000000089b00000|  0%| F|  |TAMS 0x0000000089a00000, 0x0000000089a00000| Untracked 
|  81|0x0000000089b00000, 0x0000000089b00000, 0x0000000089c00000|  0%| F|  |TAMS 0x0000000089b00000, 0x0000000089b00000| Untracked 
|  82|0x0000000089c00000, 0x0000000089c00000, 0x0000000089d00000|  0%| F|  |TAMS 0x0000000089c00000, 0x0000000089c00000| Untracked 
|  83|0x0000000089d00000, 0x0000000089d00000, 0x0000000089e00000|  0%| F|  |TAMS 0x0000000089d00000, 0x0000000089d00000| Untracked 
|  84|0x0000000089e00000, 0x0000000089e00000, 0x0000000089f00000|  0%| F|  |TAMS 0x0000000089e00000, 0x0000000089e00000| Untracked 
|  85|0x0000000089f00000, 0x0000000089f00000, 0x000000008a000000|  0%| F|  |TAMS 0x0000000089f00000, 0x0000000089f00000| Untracked 
|  86|0x000000008a000000, 0x000000008a000000, 0x000000008a100000|  0%| F|  |TAMS 0x000000008a000000, 0x000000008a000000| Untracked 
|  87|0x000000008a100000, 0x000000008a100000, 0x000000008a200000|  0%| F|  |TAMS 0x000000008a100000, 0x000000008a100000| Untracked 
|  88|0x000000008a200000, 0x000000008a200000, 0x000000008a300000|  0%| F|  |TAMS 0x000000008a200000, 0x000000008a200000| Untracked 
|  89|0x000000008a300000, 0x000000008a300000, 0x000000008a400000|  0%| F|  |TAMS 0x000000008a300000, 0x000000008a300000| Untracked 
|  90|0x000000008a400000, 0x000000008a400000, 0x000000008a500000|  0%| F|  |TAMS 0x000000008a400000, 0x000000008a400000| Untracked 
|  91|0x000000008a500000, 0x000000008a500000, 0x000000008a600000|  0%| F|  |TAMS 0x000000008a500000, 0x000000008a500000| Untracked 
|  92|0x000000008a600000, 0x000000008a600000, 0x000000008a700000|  0%| F|  |TAMS 0x000000008a600000, 0x000000008a600000| Untracked 
|  93|0x000000008a700000, 0x000000008a700000, 0x000000008a800000|  0%| F|  |TAMS 0x000000008a700000, 0x000000008a700000| Untracked 
|  94|0x000000008a800000, 0x000000008a800000, 0x000000008a900000|  0%| F|  |TAMS 0x000000008a800000, 0x000000008a800000| Untracked 
|  95|0x000000008a900000, 0x000000008a900000, 0x000000008aa00000|  0%| F|  |TAMS 0x000000008a900000, 0x000000008a900000| Untracked 
|  96|0x000000008aa00000, 0x000000008aa00000, 0x000000008ab00000|  0%| F|  |TAMS 0x000000008aa00000, 0x000000008aa00000| Untracked 
|  97|0x000000008ab00000, 0x000000008ab00000, 0x000000008ac00000|  0%| F|  |TAMS 0x000000008ab00000, 0x000000008ab00000| Untracked 
|  98|0x000000008ac00000, 0x000000008ac00000, 0x000000008ad00000|  0%| F|  |TAMS 0x000000008ac00000, 0x000000008ac00000| Untracked 
|  99|0x000000008ad00000, 0x000000008ad00000, 0x000000008ae00000|  0%| F|  |TAMS 0x000000008ad00000, 0x000000008ad00000| Untracked 
| 100|0x000000008ae00000, 0x000000008ae00000, 0x000000008af00000|  0%| F|  |TAMS 0x000000008ae00000, 0x000000008ae00000| Untracked 
| 101|0x000000008af00000, 0x000000008af00000, 0x000000008b000000|  0%| F|  |TAMS 0x000000008af00000, 0x000000008af00000| Untracked 
| 102|0x000000008b000000, 0x000000008b000000, 0x000000008b100000|  0%| F|  |TAMS 0x000000008b000000, 0x000000008b000000| Untracked 
| 103|0x000000008b100000, 0x000000008b1276d8, 0x000000008b200000| 15%| S|CS|TAMS 0x000000008b100000, 0x000000008b100000| Complete 
| 104|0x000000008b200000, 0x000000008b300000, 0x000000008b300000|100%| S|CS|TAMS 0x000000008b200000, 0x000000008b200000| Complete 
| 105|0x000000008b300000, 0x000000008b400000, 0x000000008b400000|100%| S|CS|TAMS 0x000000008b300000, 0x000000008b300000| Complete 
| 106|0x000000008b400000, 0x000000008b400000, 0x000000008b500000|  0%| F|  |TAMS 0x000000008b400000, 0x000000008b400000| Untracked 
| 107|0x000000008b500000, 0x000000008b500000, 0x000000008b600000|  0%| F|  |TAMS 0x000000008b500000, 0x000000008b500000| Untracked 
| 108|0x000000008b600000, 0x000000008b600000, 0x000000008b700000|  0%| F|  |TAMS 0x000000008b600000, 0x000000008b600000| Untracked 
| 109|0x000000008b700000, 0x000000008b700000, 0x000000008b800000|  0%| F|  |TAMS 0x000000008b700000, 0x000000008b700000| Untracked 
| 110|0x000000008b800000, 0x000000008b800000, 0x000000008b900000|  0%| F|  |TAMS 0x000000008b800000, 0x000000008b800000| Untracked 
| 111|0x000000008b900000, 0x000000008b900000, 0x000000008ba00000|  0%| F|  |TAMS 0x000000008b900000, 0x000000008b900000| Untracked 
| 112|0x000000008ba00000, 0x000000008ba00000, 0x000000008bb00000|  0%| F|  |TAMS 0x000000008ba00000, 0x000000008ba00000| Untracked 
| 113|0x000000008bb00000, 0x000000008bb00000, 0x000000008bc00000|  0%| F|  |TAMS 0x000000008bb00000, 0x000000008bb00000| Untracked 
| 114|0x000000008bc00000, 0x000000008bc00000, 0x000000008bd00000|  0%| F|  |TAMS 0x000000008bc00000, 0x000000008bc00000| Untracked 
| 115|0x000000008bd00000, 0x000000008bd00000, 0x000000008be00000|  0%| F|  |TAMS 0x000000008bd00000, 0x000000008bd00000| Untracked 
| 116|0x000000008be00000, 0x000000008be00000, 0x000000008bf00000|  0%| F|  |TAMS 0x000000008be00000, 0x000000008be00000| Untracked 
| 117|0x000000008bf00000, 0x000000008bf00000, 0x000000008c000000|  0%| F|  |TAMS 0x000000008bf00000, 0x000000008bf00000| Untracked 
| 118|0x000000008c000000, 0x000000008c000000, 0x000000008c100000|  0%| F|  |TAMS 0x000000008c000000, 0x000000008c000000| Untracked 
| 119|0x000000008c100000, 0x000000008c100000, 0x000000008c200000|  0%| F|  |TAMS 0x000000008c100000, 0x000000008c100000| Untracked 
| 120|0x000000008c200000, 0x000000008c2f6c60, 0x000000008c300000| 96%| E|  |TAMS 0x000000008c200000, 0x000000008c200000| Complete 
| 121|0x000000008c300000, 0x000000008c400000, 0x000000008c400000|100%| E|CS|TAMS 0x000000008c300000, 0x000000008c300000| Complete 
| 122|0x000000008c400000, 0x000000008c500000, 0x000000008c500000|100%| E|CS|TAMS 0x000000008c400000, 0x000000008c400000| Complete 
| 123|0x000000008c500000, 0x000000008c600000, 0x000000008c600000|100%| E|CS|TAMS 0x000000008c500000, 0x000000008c500000| Complete 

Card table byte_map: [0x000001bffe1e0000,0x000001bffe5c0000] _byte_map_base: 0x000001bffddbb000

Marking Bits (Prev, Next): (CMBitMap*) 0x000001bffdd5f8f8, (CMBitMap*) 0x000001bffdd5f938
 Prev Bits: [0x000001bf92bf0000, 0x000001bf94ac8000)
 Next Bits: [0x000001bf94ad0000, 0x000001bf969a8000)

Polling page: 0x000001bffd500000

Metaspace:

Usage:
  Non-class:     13.84 MB capacity,    13.68 MB ( 99%) used,   146.69 KB (  1%) free+waste,    17.56 KB ( <1%) overhead. 
      Class:      1.46 MB capacity,     1.41 MB ( 96%) used,    47.47 KB (  3%) free+waste,     6.81 KB ( <1%) overhead. 
       Both:     15.30 MB capacity,    15.08 MB ( 99%) used,   194.16 KB (  1%) free+waste,    24.38 KB ( <1%) overhead. 

Virtual space:
  Non-class space:       14.00 MB reserved,      14.00 MB (100%) committed 
      Class space:        1.00 GB reserved,       1.50 MB ( <1%) committed 
             Both:        1.01 GB reserved,      15.50 MB (  1%) committed 

Chunk freelists:
   Non-Class:  40.00 KB
       Class:  8.00 KB
        Both:  48.00 KB

MaxMetaspaceSize: 17179869184.00 GB
CompressedClassSpaceSize: 1.00 GB

CodeHeap 'non-profiled nmethods': size=120000Kb used=221Kb max_used=221Kb free=119778Kb
 bounds [0x000001bf8b6c0000, 0x000001bf8b930000, 0x000001bf92bf0000]
CodeHeap 'profiled nmethods': size=120000Kb used=935Kb max_used=953Kb free=119064Kb
 bounds [0x000001bf84190000, 0x000001bf84400000, 0x000001bf8b6c0000]
CodeHeap 'non-nmethods': size=5760Kb used=1301Kb max_used=1319Kb free=4459Kb
 bounds [0x000001bf83bf0000, 0x000001bf83e60000, 0x000001bf84190000]
 total_blobs=1055 nmethods=569 adapters=399
 compilation: enabled
              stopped_count=0, restarted_count=0
 full_count=0

Compilation events (20 events):
Event: 3633.785 Thread 0x000001bffeece000  634       4       java.lang.String::<init> (74 bytes)
Event: 3633.789 Thread 0x000001bffeece000 nmethod 634 0x000001bf8b6f5190 code [0x000001bf8b6f5340, 0x000001bf8b6f5938]
Event: 3706.171 Thread 0x000001bfff6f4800  636       1       org.eclipse.jdt.launching.internal.org.objectweb.asm.SymbolTable::getMajorVersion (5 bytes)
Event: 3706.171 Thread 0x000001bfff6f4800 nmethod 636 0x000001bf8b6f5b10 code [0x000001bf8b6f5ca0, 0x000001bf8b6f5d58]
Event: 3717.465 Thread 0x000001bfff6f4800  637       1       java.net.URL::getRef (5 bytes)
Event: 3717.465 Thread 0x000001bfff6f4800 nmethod 637 0x000001bf8b6f5e10 code [0x000001bf8b6f5fa0, 0x000001bf8b6f6058]
Event: 3717.466 Thread 0x000001bffeece000  638       4       org.eclipse.jdt.launching.internal.org.objectweb.asm.SymbolTable::add (39 bytes)
Event: 3717.469 Thread 0x000001bffeece000 nmethod 638 0x000001bf8b6f6110 code [0x000001bf8b6f6320, 0x000001bf8b6f67b8]
Event: 3717.473 Thread 0x000001bfff6f4800  639       1       org.eclipse.jdt.launching.internal.org.objectweb.asm.SymbolTable::getSource (5 bytes)
Event: 3717.473 Thread 0x000001bfff6f4800 nmethod 639 0x000001bf8b6f6990 code [0x000001bf8b6f6b20, 0x000001bf8b6f6bd8]
Event: 4568.337 Thread 0x000001bffeece000  640       4       org.eclipse.jdt.launching.internal.org.objectweb.asm.ClassReader::readUnsignedShort (26 bytes)
Event: 4568.341 Thread 0x000001bffeece000 

Event: 5531.237 Thread 0x000001bfff6f4800  642       3       org.eclipse.jdt.launching.internal.org.objectweb.asm.ClassReader::<init> (371 bytes)
Event: 5531.237 Thread 0x000001bffeece000  643       4       org.eclipse.jdt.launching.internal.org.objectweb.asm.Symbol::<init> (38 bytes)
Event: 5531.241 Thread 0x000001bfff6f4800 

Event: 5531.241 Thread 0x000001bffeece000 

Event: 5619.057 Thread 0x000001bffeece000  644       4       org.eclipse.jdt.launching.internal.org.objectweb.asm.ClassReader::readUnsignedShort (26 bytes)
Event: 5619.057 Thread 0x000001bfff6f4800  645       3       org.eclipse.jdt.launching.internal.org.objectweb.asm.SymbolTable::addConstantClass (8 bytes)
Event: 5619.058 Thread 0x000001bfff6f4800 nmethod 645 0x000001bf8419d490 code [0x000001bf8419d640, 0x000001bf8419d788]
Event: 5619.058 Thread 0x000001bffeece000 nmethod 644 0x000001bf8b6f7090 code [0x000001bf8b6f7240, 0x000001bf8b6f73b8]

GC Heap History (4 events):
Event: 11.251 GC heap before
{Heap before GC invocations=0 (full 0):
 garbage-first heap   total 126976K, used 12288K [0x0000000084a00000, 0x0000000100000000)
  region size 1024K, 13 young (13312K), 0 survivors (0K)
 Metaspace       used 12205K, capacity 12465K, committed 12800K, reserved 1060864K
  class space    used 1103K, capacity 1197K, committed 1280K, reserved 1048576K
}
Event: 11.255 GC heap after
{Heap after GC invocations=1 (full 0):
 garbage-first heap   total 126976K, used 2341K [0x0000000084a00000, 0x0000000100000000)
  region size 1024K, 2 young (2048K), 2 survivors (2048K)
 Metaspace       used 12205K, capacity 12465K, committed 12800K, reserved 1060864K
  class space    used 1103K, capacity 1197K, committed 1280K, reserved 1048576K
}
Event: 16.232 GC heap before
{Heap before GC invocations=1 (full 0):
 garbage-first heap   total 126976K, used 18725K [0x0000000084a00000, 0x0000000100000000)
  region size 1024K, 18 young (18432K), 2 survivors (2048K)
 Metaspace       used 14950K, capacity 15184K, committed 15360K, reserved 1062912K
  class space    used 1382K, capacity 1464K, committed 1536K, reserved 1048576K
}
Event: 16.238 GC heap after
{Heap after GC invocations=2 (full 0):
 garbage-first heap   total 126976K, used 4091K [0x0000000084a00000, 0x0000000100000000)
  region size 1024K, 3 young (3072K), 3 survivors (3072K)
 Metaspace       used 14950K, capacity 15184K, committed 15360K, reserved 1062912K
  class space    used 1382K, capacity 1464K, committed 1536K, reserved 1048576K
}

Deoptimization events (20 events):
Event: 0.582 Thread 0x000001bffdd1d000 DEOPT PACKING pc=0x000001bf842095ac sp=0x0000006ca55f7e70
Event: 0.582 Thread 0x000001bffdd1d000 DEOPT UNPACKING pc=0x000001bf83c3964e sp=0x0000006ca55f7338 mode 0
Event: 0.582 Thread 0x000001bffdd1d000 DEOPT PACKING pc=0x000001bf842095ac sp=0x0000006ca55f7e70
Event: 0.582 Thread 0x000001bffdd1d000 DEOPT UNPACKING pc=0x000001bf83c3964e sp=0x0000006ca55f7338 mode 0
Event: 0.582 Thread 0x000001bffdd1d000 DEOPT PACKING pc=0x000001bf842095ac sp=0x0000006ca55f7e70
Event: 0.582 Thread 0x000001bffdd1d000 DEOPT UNPACKING pc=0x000001bf83c3964e sp=0x0000006ca55f7338 mode 0
Event: 0.587 Thread 0x000001bffdd1d000 DEOPT PACKING pc=0x000001bf842095ac sp=0x0000006ca55f7e70
Event: 0.587 Thread 0x000001bffdd1d000 DEOPT UNPACKING pc=0x000001bf83c3964e sp=0x0000006ca55f7338 mode 0
Event: 0.588 Thread 0x000001bffdd1d000 DEOPT PACKING pc=0x000001bf842095ac sp=0x0000006ca55f7e70
Event: 0.588 Thread 0x000001bffdd1d000 DEOPT UNPACKING pc=0x000001bf83c3964e sp=0x0000006ca55f7338 mode 0
Event: 0.589 Thread 0x000001bffdd1d000 DEOPT PACKING pc=0x000001bf842095ac sp=0x0000006ca55f7e70
Event: 0.589 Thread 0x000001bffdd1d000 DEOPT UNPACKING pc=0x000001bf83c3964e sp=0x0000006ca55f7338 mode 0
Event: 0.593 Thread 0x000001bffdd1d000 DEOPT PACKING pc=0x000001bf842095ac sp=0x0000006ca55fb950
Event: 0.593 Thread 0x000001bffdd1d000 DEOPT UNPACKING pc=0x000001bf83c3964e sp=0x0000006ca55fae18 mode 0
Event: 0.593 Thread 0x000001bffdd1d000 DEOPT PACKING pc=0x000001bf842095ac sp=0x0000006ca55fb950
Event: 0.593 Thread 0x000001bffdd1d000 DEOPT UNPACKING pc=0x000001bf83c3964e sp=0x0000006ca55fae18 mode 0
Event: 0.593 Thread 0x000001bffdd1d000 DEOPT PACKING pc=0x000001bf842095ac sp=0x0000006ca55fb950
Event: 0.593 Thread 0x000001bffdd1d000 DEOPT UNPACKING pc=0x000001bf83c3964e sp=0x0000006ca55fae18 mode 0
Event: 1731.229 Thread 0x000001bfffa07800 DEOPT PACKING pc=0x000001bf841ceb03 sp=0x0000006ca65fde30
Event: 1731.229 Thread 0x000001bfffa07800 DEOPT UNPACKING pc=0x000001bf83c3964e sp=0x0000006ca65fd2a0 mode 0

Classes unloaded (0 events):
No events

Classes redefined (15 events):
Event: 1731.248 Thread 0x000001bffeea9000 redefined class name=codigo.Principal, count=1
Event: 2409.441 Thread 0x000001bffeea9000 redefined class name=codigo.Principal, count=2
Event: 2586.547 Thread 0x000001bffeea9000 redefined class name=codigo.Principal, count=3
Event: 2633.196 Thread 0x000001bffeea9000 redefined class name=codigo.Principal, count=4
Event: 2646.825 Thread 0x000001bffeea9000 redefined class name=codigo.Principal, count=5
Event: 3513.402 Thread 0x000001bffeea9000 redefined class name=codigo.Principal, count=6
Event: 3633.753 Thread 0x000001bffeea9000 redefined class name=codigo.Principal, count=7
Event: 3706.172 Thread 0x000001bffeea9000 redefined class name=codigo.Principal, count=8
Event: 3717.475 Thread 0x000001bffeea9000 redefined class name=codigo.Principal, count=9
Event: 3742.284 Thread 0x000001bffeea9000 redefined class name=codigo.Principal, count=10
Event: 3905.277 Thread 0x000001bffeea9000 redefined class name=codigo.Principal, count=11
Event: 4568.339 Thread 0x000001bffeea9000 redefined class name=codigo.Principal, count=12
Event: 5531.239 Thread 0x000001bffeea9000 redefined class name=codigo.Principal, count=13
Event: 5603.806 Thread 0x000001bffeea9000 redefined class name=codigo.Principal, count=14
Event: 5619.059 Thread 0x000001bffeea9000 redefined class name=codigo.Principal, count=15

Internal exceptions (0 events):
No events

Events (20 events):
Event: 5871.920 Executing VM operation: GetOwnedMonitorInfo done
Event: 5872.675 Executing VM operation: GetCurrentContendedMonitor
Event: 5872.675 Executing VM operation: GetCurrentContendedMonitor done
Event: 5872.676 Executing VM operation: GetOwnedMonitorInfo
Event: 5872.676 Executing VM operation: GetOwnedMonitorInfo done
Event: 5872.677 Executing VM operation: GetCurrentContendedMonitor
Event: 5872.677 Executing VM operation: GetCurrentContendedMonitor done
Event: 5872.677 Executing VM operation: GetOwnedMonitorInfo
Event: 5872.677 Executing VM operation: GetOwnedMonitorInfo done
Event: 5877.804 Executing VM operation: GetCurrentContendedMonitor
Event: 5877.804 Executing VM operation: GetCurrentContendedMonitor done
Event: 5877.804 Executing VM operation: GetOwnedMonitorInfo
Event: 5877.804 Executing VM operation: GetOwnedMonitorInfo done
Event: 5877.827 Executing VM operation: GetCurrentContendedMonitor
Event: 5877.827 Executing VM operation: GetCurrentContendedMonitor done
Event: 5877.827 Executing VM operation: GetOwnedMonitorInfo
Event: 5877.828 Executing VM operation: GetOwnedMonitorInfo done
Event: 6199.333 Executing VM operation: ChangeBreakpoints
Event: 6199.334 Executing VM operation: ChangeBreakpoints done
Event: 6204.289 Executing VM operation: ChangeBreakpoints


Dynamic libraries:
0x00007ff661ef0000 - 0x00007ff661efd000 	C:\Users\Crowley\.p2\pool\plugins\org.eclipse.justj.openjdk.hotspot.jre.full.win32.x86_64_14.0.2.v20200815-0932\jre\bin\javaw.exe
0x00007ffff5450000 - 0x00007ffff5646000 	C:\WINDOWS\SYSTEM32\ntdll.dll
0x00007ffff4ac0000 - 0x00007ffff4b7d000 	C:\WINDOWS\System32\KERNEL32.DLL
0x00007ffff2ba0000 - 0x00007ffff2e68000 	C:\WINDOWS\System32\KERNELBASE.dll
0x00007ffff30a0000 - 0x00007ffff31a0000 	C:\WINDOWS\System32\ucrtbase.dll
0x00007fffea8c0000 - 0x00007fffea8d8000 	C:\Users\Crowley\.p2\pool\plugins\org.eclipse.justj.openjdk.hotspot.jre.full.win32.x86_64_14.0.2.v20200815-0932\jre\bin\jli.dll
0x00007fffeec60000 - 0x00007fffeec75000 	C:\Users\Crowley\.p2\pool\plugins\org.eclipse.justj.openjdk.hotspot.jre.full.win32.x86_64_14.0.2.v20200815-0932\jre\bin\VCRUNTIME140.dll
0x00007ffff3da0000 - 0x00007ffff3f40000 	C:\WINDOWS\System32\USER32.dll
0x00007ffff3010000 - 0x00007ffff3032000 	C:\WINDOWS\System32\win32u.dll
0x00007fffeb020000 - 0x00007fffeb2bb000 	C:\WINDOWS\WinSxS\amd64_microsoft.windows.common-controls_6595b64144ccf1df_6.0.19041.488_none_ca04af081b815d21\COMCTL32.dll
0x00007ffff4870000 - 0x00007ffff489a000 	C:\WINDOWS\System32\GDI32.dll
0x00007ffff3610000 - 0x00007ffff36ae000 	C:\WINDOWS\System32\msvcrt.dll
0x00007ffff33b0000 - 0x00007ffff34b9000 	C:\WINDOWS\System32\gdi32full.dll
0x00007ffff2f70000 - 0x00007ffff300d000 	C:\WINDOWS\System32\msvcp_win.dll
0x00007ffff5350000 - 0x00007ffff5380000 	C:\WINDOWS\System32\IMM32.DLL
0x00007fffe0150000 - 0x00007fffe01eb000 	C:\Users\Crowley\.p2\pool\plugins\org.eclipse.justj.openjdk.hotspot.jre.full.win32.x86_64_14.0.2.v20200815-0932\jre\bin\msvcp140.dll
0x00007fffc35a0000 - 0x00007fffc40be000 	C:\Users\Crowley\.p2\pool\plugins\org.eclipse.justj.openjdk.hotspot.jre.full.win32.x86_64_14.0.2.v20200815-0932\jre\bin\server\jvm.dll
0x00007ffff3a50000 - 0x00007ffff3afa000 	C:\WINDOWS\System32\ADVAPI32.dll
0x00007ffff3b00000 - 0x00007ffff3b9b000 	C:\WINDOWS\System32\sechost.dll
0x00007ffff3760000 - 0x00007ffff3884000 	C:\WINDOWS\System32\RPCRT4.dll
0x00007ffff3d30000 - 0x00007ffff3d38000 	C:\WINDOWS\System32\PSAPI.DLL
0x00007fffebfe0000 - 0x00007fffebfe9000 	C:\WINDOWS\SYSTEM32\WSOCK32.dll
0x00007fffe8500000 - 0x00007fffe8527000 	C:\WINDOWS\SYSTEM32\WINMM.dll
0x00007fffe7210000 - 0x00007fffe721a000 	C:\WINDOWS\SYSTEM32\VERSION.dll
0x00007ffff4920000 - 0x00007ffff498b000 	C:\WINDOWS\System32\WS2_32.dll
0x00007ffff0a00000 - 0x00007ffff0a12000 	C:\WINDOWS\SYSTEM32\kernel.appcore.dll
0x00007fffec0b0000 - 0x00007fffec0ba000 	C:\Users\Crowley\.p2\pool\plugins\org.eclipse.justj.openjdk.hotspot.jre.full.win32.x86_64_14.0.2.v20200815-0932\jre\bin\jimage.dll
0x00007fffe54c0000 - 0x00007fffe56a4000 	C:\WINDOWS\SYSTEM32\DBGHELP.DLL
0x00007fffe3c90000 - 0x00007fffe3cbc000 	C:\WINDOWS\SYSTEM32\dbgcore.DLL
0x00007ffff2e70000 - 0x00007ffff2eef000 	C:\WINDOWS\System32\bcryptPrimitives.dll
0x00007fffe0390000 - 0x00007fffe03c8000 	C:\Users\Crowley\.p2\pool\plugins\org.eclipse.justj.openjdk.hotspot.jre.full.win32.x86_64_14.0.2.v20200815-0932\jre\bin\jdwp.dll
0x00007fffea5a0000 - 0x00007fffea5c5000 	C:\Users\Crowley\.p2\pool\plugins\org.eclipse.justj.openjdk.hotspot.jre.full.win32.x86_64_14.0.2.v20200815-0932\jre\bin\java.dll
0x00007fffeec90000 - 0x00007fffeec9e000 	C:\Users\Crowley\.p2\pool\plugins\org.eclipse.justj.openjdk.hotspot.jre.full.win32.x86_64_14.0.2.v20200815-0932\jre\bin\instrument.dll
0x00007fffea470000 - 0x00007fffea486000 	C:\Users\Crowley\.p2\pool\plugins\org.eclipse.justj.openjdk.hotspot.jre.full.win32.x86_64_14.0.2.v20200815-0932\jre\bin\zip.dll
0x00007ffff4130000 - 0x00007ffff4870000 	C:\WINDOWS\System32\SHELL32.dll
0x00007ffff0d10000 - 0x00007ffff14a4000 	C:\WINDOWS\SYSTEM32\windows.storage.dll
0x00007ffff4ff0000 - 0x00007ffff5345000 	C:\WINDOWS\System32\combase.dll
0x00007ffff2540000 - 0x00007ffff256c000 	C:\WINDOWS\SYSTEM32\Wldp.dll
0x00007ffff3c80000 - 0x00007ffff3d2e000 	C:\WINDOWS\System32\SHCORE.dll
0x00007ffff4070000 - 0x00007ffff40c5000 	C:\WINDOWS\System32\shlwapi.dll
0x00007ffff2ad0000 - 0x00007ffff2af6000 	C:\WINDOWS\SYSTEM32\profapi.dll
0x00007fffeec50000 - 0x00007fffeec5b000 	C:\Users\Crowley\.p2\pool\plugins\org.eclipse.justj.openjdk.hotspot.jre.full.win32.x86_64_14.0.2.v20200815-0932\jre\bin\dt_socket.dll
0x00007ffff1fb0000 - 0x00007ffff1feb000 	C:\WINDOWS\SYSTEM32\IPHLPAPI.DLL
0x00007ffff22c0000 - 0x00007ffff232a000 	C:\WINDOWS\system32\mswsock.dll
0x00007ffff2000000 - 0x00007ffff20cb000 	C:\WINDOWS\SYSTEM32\DNSAPI.dll
0x00007ffff3890000 - 0x00007ffff3899000 	C:\WINDOWS\System32\NSI.dll
0x00007fffea440000 - 0x00007fffea44a000 	C:\Windows\System32\rasadhlp.dll
0x00007fffea5d0000 - 0x00007fffea64f000 	C:\WINDOWS\System32\fwpuclnt.dll
0x00007ffff2f40000 - 0x00007ffff2f67000 	C:\WINDOWS\System32\bcrypt.dll
0x00007fffe6190000 - 0x00007fffe61a9000 	C:\Users\Crowley\.p2\pool\plugins\org.eclipse.justj.openjdk.hotspot.jre.full.win32.x86_64_14.0.2.v20200815-0932\jre\bin\net.dll
0x00007fffeab30000 - 0x00007fffeac30000 	C:\WINDOWS\SYSTEM32\WINHTTP.dll
0x00007fffe3c50000 - 0x00007fffe3c62000 	C:\Users\Crowley\.p2\pool\plugins\org.eclipse.justj.openjdk.hotspot.jre.full.win32.x86_64_14.0.2.v20200815-0932\jre\bin\nio.dll
0x00007fffe6180000 - 0x00007fffe6190000 	C:\Users\Crowley\.p2\pool\plugins\org.eclipse.justj.openjdk.hotspot.jre.full.win32.x86_64_14.0.2.v20200815-0932\jre\bin\verify.dll

dbghelp: loaded successfully - version: 4.0.5 - missing functions: none
symbol engine: initialized successfully - sym options: 0x614 - pdb path: .;C:\Users\Crowley\.p2\pool\plugins\org.eclipse.justj.openjdk.hotspot.jre.full.win32.x86_64_14.0.2.v20200815-0932\jre\bin;C:\WINDOWS\SYSTEM32;C:\WINDOWS\WinSxS\amd64_microsoft.windows.common-controls_6595b64144ccf1df_6.0.19041.488_none_ca04af081b815d21;C:\Users\Crowley\.p2\pool\plugins\org.eclipse.justj.openjdk.hotspot.jre.full.win32.x86_64_14.0.2.v20200815-0932\jre\bin\server

VM Arguments:
jvm_args: -XX:+ShowCodeDetailsInExceptionMessages -agentlib:jdwp=transport=dt_socket,suspend=y,address=localhost:59257 -javaagent:C:\Users\Crowley\eclipse\java-2020-09\eclipse\configuration\org.eclipse.osgi\215\0\.cp\lib\javaagent-shaded.jar -Dfile.encoding=Cp1252 
java_command: codigo.Principal
java_class_path (initial): C:\DAM2\AD\java_dbobject\PR01\bin;C:\DAM2\AD\java_dbobject\PR01\libs\mysql-connector-java-5.1.49-bin.jar
Launcher Type: SUN_STANDARD

[Global flags]
     intx CICompilerCount                          = 3                                         {product} {ergonomic}
     uint ConcGCThreads                            = 1                                         {product} {ergonomic}
     uint G1ConcRefinementThreads                  = 4                                         {product} {ergonomic}
   size_t G1HeapRegionSize                         = 1048576                                   {product} {ergonomic}
    uintx GCDrainStackTargetSize                   = 64                                        {product} {ergonomic}
   size_t InitialHeapSize                          = 130023424                                 {product} {ergonomic}
   size_t MarkStackSize                            = 4194304                                   {product} {ergonomic}
   size_t MaxHeapSize                              = 2069889024                                {product} {ergonomic}
   size_t MaxNewSize                               = 1241513984                                {product} {ergonomic}
   size_t MinHeapDeltaBytes                        = 1048576                                   {product} {ergonomic}
   size_t MinHeapSize                              = 8388608                                   {product} {ergonomic}
    uintx NonNMethodCodeHeapSize                   = 5832780                                {pd product} {ergonomic}
    uintx NonProfiledCodeHeapSize                  = 122912730                              {pd product} {ergonomic}
    uintx ProfiledCodeHeapSize                     = 122912730                              {pd product} {ergonomic}
    uintx ReservedCodeCacheSize                    = 251658240                              {pd product} {ergonomic}
     bool SegmentedCodeCache                       = true                                      {product} {ergonomic}
     bool ShowCodeDetailsInExceptionMessages       = true                                   {manageable} {command line}
   size_t SoftMaxHeapSize                          = 2069889024                             {manageable} {ergonomic}
     bool UseCompressedClassPointers               = true                                 {lp64_product} {ergonomic}
     bool UseCompressedOops                        = true                                 {lp64_product} {ergonomic}
     bool UseG1GC                                  = true                                      {product} {ergonomic}
     bool UseLargePagesIndividualAllocation        = false                                  {pd product} {ergonomic}

Logging:
Log output configuration:
 #0: stdout all=warning uptime,level,tags
 #1: stderr all=off uptime,level,tags

Environment Variables:
JAVA_HOME=C:\Program Files\Java\jdk1.8.0_111
PATH=C:\Users\Crowley\.p2\pool\plugins\org.eclipse.justj.openjdk.hotspot.jre.full.win32.x86_64_14.0.2.v20200815-0932\jre\bin;C:/Users/Crowley/.p2/pool/plugins/org.eclipse.justj.openjdk.hotspot.jre.full.win32.x86_64_14.0.2.v20200815-0932/jre/bin/server;C:/Users/Crowley/.p2/pool/plugins/org.eclipse.justj.openjdk.hotspot.jre.full.win32.x86_64_14.0.2.v20200815-0932/jre/bin;C:\Program Files (x86)\Common Files\Oracle\Java\javapath;C:\WINDOWS\system32;C:\WINDOWS;C:\WINDOWS\System32\Wbem;C:\WINDOWS\System32\WindowsPowerShell\v1.0\;C:\WINDOWS\System32\OpenSSH\;C:\Program Files\Intel\WiFi\bin\;C:\Program Files\Common Files\Intel\WirelessCommon\;C:\Program Files (x86)\ATI Technologies\ATI.ACE\Core-Static;C:\Program Files (x86)\AMD\ATI.ACE\Core-Static;C:\Program Files\MySQL\MySQL Utilities 1.6\;C:\Program Files\Java\jdk1.8.0_111\bin;C:\Program Files\PuTTY\;C:\Program Files\Git\cmd;C:\Program Files (x86)\Intel\OpenCL SDK\2.0\bin\x86;C:\Program Files (x86)\Intel\OpenCL SDK\2.0\bin\x64;C:\Program Files\MySQL\MySQL Shell 8.0\bin\;C:\Program Files\MySQL\MySQL Server 8.0\bin;;%USERPROFILE%\AppData\Local\Microsoft\WindowsApps;C:\Users\Crowley\Desktop;
USERNAME=Crowley
OS=Windows_NT
PROCESSOR_IDENTIFIER=Intel64 Family 6 Model 42 Stepping 7, GenuineIntel



---------------  S Y S T E M  ---------------

OS: Windows 10 , 64 bit Build 19041 (10.0.19041.546)
OS uptime: 0 days 3:39 hours

CPU:total 4 (initial active 4) (4 cores per cpu, 1 threads per core) family 6 model 42 stepping 7, cmov, cx8, fxsr, mmx, sse, sse2, sse3, ssse3, sse4.1, sse4.2, popcnt, avx, aes, clmul, tsc, tscinvbit

Memory: 4k page, system-wide physical 7894M (3924M free)
TotalPageFile size 9750M (AvailPageFile size 4870M)
current process WorkingSet (physical memory assigned to process): 72M, peak: 79M
current process commit charge ("private bytes"): 208M, peak: 213M

vm_info: OpenJDK 64-Bit Server VM (14.0.2+12-46) for windows-amd64 JRE (14.0.2+12-46), built on Jul  9 2020 00:31:16 by "mach5one" with MS VC++ 15.9 (VS2017)

END.
